<?xml version="1.0" encoding="UTF-8"?>
<!-- Generated by org.testng.reporters.JUnitReportReporter -->
<testsuite hostname="LAPTOP-G7QDOFAG" failures="0" tests="1" name="TestClasses.VeryfyUserCanLogin" time="10.005" errors="0" timestamp="2022-07-23T19:38:31 IST" skipped="0">
  <testcase classname="TestClasses.VeryfyUserCanLogin" name="veryfyUserCanLogin" time="10.005"/>
  <system-out/>
</testsuite> <!-- TestClasses.VeryfyUserCanLogin -->
