<?xml version="1.0" encoding="UTF-8"?>
<!-- Generated by org.testng.reporters.JUnitReportReporter -->
<testsuite hostname="LAPTOP-G7QDOFAG" failures="0" tests="2" name="TestClasses.VeryfyUserCanAddNewAddress" time="11.774" errors="0" timestamp="2022-07-23T19:38:31 IST" skipped="0">
  <testcase classname="TestClasses.VeryfyUserCanAddNewAddress" name="verifyUserCanGoToProfilePage" time="7.300"/>
  <system-out/>
  <testcase classname="TestClasses.VeryfyUserCanAddNewAddress" name="veryUserCanAddAddress" time="4.474"/>
  <system-out/>
</testsuite> <!-- TestClasses.VeryfyUserCanAddNewAddress -->
